<?xml version="1.0" encoding="UTF-8"?>
<testng-results ignored="0" total="1" passed="1" failed="0" skipped="0">
  <reporter-output>
  </reporter-output>
  <suite started-at="2022-03-24T16:38:56 EDT" name="Default suite" finished-at="2022-03-24T16:38:57 EDT" duration-ms="1170">
    <groups>
    </groups>
    <test started-at="2022-03-24T16:38:56 EDT" name="Default test" finished-at="2022-03-24T16:38:57 EDT" duration-ms="1170">
      <class name="Com.testscenarios.Read_my_data_from_excel">
        <test-method signature="f()[pri:0, instance:Com.testscenarios.Read_my_data_from_excel@3c7f66c4]" started-at="2022-03-24T16:38:56 EDT" name="f" finished-at="2022-03-24T16:38:57 EDT" duration-ms="1088" status="PASS">
          <reporter-output>
          </reporter-output>
        </test-method> <!-- f -->
      </class> <!-- Com.testscenarios.Read_my_data_from_excel -->
    </test> <!-- Default test -->
  </suite> <!-- Default suite -->
</testng-results>
